<?xml version="1.0" encoding="UTF-8" ?>
<beans xmlns="http://www.springframework.org/schema/beans"
	xmlns:xsi="http://www.w3.org/2001/XMLSchema-instance"
    xmlns:context="http://www.springframework.org/schema/context"
	xsi:schemaLocation="http://www.springframework.org/schema/beans http://www.springframework.org/schema/beans/spring-beans-3.0.xsd
		http://www.springframework.org/schema/context http://www.springframework.org/schema/context/spring-context-3.0.xsd">

	<context:annotation-config />

	<bean id="twitterService" class="cz.cn.app.twitter.service.TwitterServiceImpl" />

	<bean id="xmlResource" class="org.springframework.core.io.ClassPathResource">
		<constructor-arg value="/twitter-wadl-test.xml"/>
	</bean>

	<bean id="jaxbMarshaller" class="org.springframework.oxm.jaxb.Jaxb2Marshaller">
		<property name="classesToBeBound">
			<list>
				<value>cz.cn.app.twitter.entity.Application</value>
				<value>cz.cn.app.twitter.entity.Resources</value>
				<value>cz.cn.app.twitter.entity.Resource</value>
				<value>cz.cn.app.twitter.entity.Param</value>
				<value>cz.cn.app.twitter.entity.Method</value>
			</list>
		</property>
	</bean>

</beans>
